<!DOCTYPE html>
<html>
<head>
<meta http-equiv="Content-Type" content="text/html; charset=utf-8"/>
<meta http-equiv="x-ua-compatible" content="IE=edge"/>
<title>Test results - PaymentControllerTest</title>
<link href="../css/base-style.css" rel="stylesheet" type="text/css"/>
<link href="../css/style.css" rel="stylesheet" type="text/css"/>
<script src="../js/report.js" type="text/javascript"></script>
</head>
<body>
<div id="content">
<h1>PaymentControllerTest</h1>
<div class="breadcrumbs">
<a href="../index.html">all</a> &gt; 
<a href="../packages/com.romansj.backend_hwk.payments.html">com.romansj.backend_hwk.payments</a> &gt; PaymentControllerTest</div>
<div id="summary">
<table>
<tr>
<td>
<div class="summaryGroup">
<table>
<tr>
<td>
<div class="infoBox" id="tests">
<div class="counter">2</div>
<p>tests</p>
</div>
</td>
<td>
<div class="infoBox" id="failures">
<div class="counter">0</div>
<p>failures</p>
</div>
</td>
<td>
<div class="infoBox" id="ignored">
<div class="counter">0</div>
<p>ignored</p>
</div>
</td>
<td>
<div class="infoBox" id="duration">
<div class="counter">0.147s</div>
<p>duration</p>
</div>
</td>
</tr>
</table>
</div>
</td>
<td>
<div class="infoBox success" id="successRate">
<div class="percent">100%</div>
<p>successful</p>
</div>
</td>
</tr>
</table>
</div>
<div id="tabs">
<ul class="tabLinks">
<li>
<a href="#tab0">Tests</a>
</li>
<li>
<a href="#tab1">Standard output</a>
</li>
<li>
<a href="#tab2">Standard error</a>
</li>
</ul>
<div id="tab0" class="tab">
<h2>Tests</h2>
<table>
<thead>
<tr>
<th>Test</th>
<th>Duration</th>
<th>Result</th>
</tr>
</thead>
<tr>
<td class="success">contextLoads()</td>
<td class="success">0.003s</td>
<td class="success">passed</td>
</tr>
<tr>
<td class="success">greetingShouldReturnDefaultMessage()</td>
<td class="success">0.144s</td>
<td class="success">passed</td>
</tr>
</table>
</div>
<div id="tab1" class="tab">
<h2>Standard output</h2>
<span class="code">
<pre>?[30m2022-07-21 09:56:18,127?[0;39m ?[34mINFO ?[0;39m [?[34mTest worker?[0;39m] ?[33morg.springframework.test.context.support.AbstractTestContextBootstrapper?[0;39m: Neither @ContextConfiguration nor @ContextHierarchy found for test class [com.romansj.backend_hwk.payments.PaymentControllerTest], using SpringBootContextLoader
?[30m2022-07-21 09:56:18,127?[0;39m ?[34mINFO ?[0;39m [?[34mTest worker?[0;39m] ?[33morg.springframework.test.context.support.AbstractContextLoader?[0;39m: Could not detect default resource locations for test class [com.romansj.backend_hwk.payments.PaymentControllerTest]: no resource found for suffixes {-context.xml, Context.groovy}.
?[30m2022-07-21 09:56:18,128?[0;39m ?[34mINFO ?[0;39m [?[34mTest worker?[0;39m] ?[33morg.springframework.test.context.support.AnnotationConfigContextLoaderUtils?[0;39m: Could not detect default configuration classes for test class [com.romansj.backend_hwk.payments.PaymentControllerTest]: PaymentControllerTest does not declare any static, non-private, non-final, nested classes annotated with @Configuration.
?[30m2022-07-21 09:56:18,129?[0;39m ?[34mINFO ?[0;39m [?[34mTest worker?[0;39m] ?[33morg.springframework.boot.test.context.SpringBootTestContextBootstrapper?[0;39m: Found @SpringBootConfiguration com.romansj.backend_hwk.BackendHwkApplication for test class com.romansj.backend_hwk.payments.PaymentControllerTest
?[30m2022-07-21 09:56:18,130?[0;39m ?[34mINFO ?[0;39m [?[34mTest worker?[0;39m] ?[33morg.springframework.test.context.support.AbstractTestContextBootstrapper?[0;39m: Loaded default TestExecutionListener class names from location [META-INF/spring.factories]: [org.springframework.boot.test.autoconfigure.restdocs.RestDocsTestExecutionListener, org.springframework.boot.test.autoconfigure.web.client.MockRestServiceServerResetTestExecutionListener, org.springframework.boot.test.autoconfigure.web.servlet.MockMvcPrintOnlyOnFailureTestExecutionListener, org.springframework.boot.test.autoconfigure.web.servlet.WebDriverTestExecutionListener, org.springframework.boot.test.autoconfigure.webservices.client.MockWebServiceServerTestExecutionListener, org.springframework.boot.test.mock.mockito.MockitoTestExecutionListener, org.springframework.boot.test.mock.mockito.ResetMocksTestExecutionListener, org.springframework.test.context.web.ServletTestExecutionListener, org.springframework.test.context.support.DirtiesContextBeforeModesTestExecutionListener, org.springframework.test.context.event.ApplicationEventsTestExecutionListener, org.springframework.test.context.support.DependencyInjectionTestExecutionListener, org.springframework.test.context.support.DirtiesContextTestExecutionListener, org.springframework.test.context.transaction.TransactionalTestExecutionListener, org.springframework.test.context.jdbc.SqlScriptsTestExecutionListener, org.springframework.test.context.event.EventPublishingTestExecutionListener]
?[30m2022-07-21 09:56:18,130?[0;39m ?[34mINFO ?[0;39m [?[34mTest worker?[0;39m] ?[33morg.springframework.test.context.support.AbstractTestContextBootstrapper?[0;39m: Using TestExecutionListeners: [org.springframework.test.context.web.ServletTestExecutionListener@905e189, org.springframework.test.context.support.DirtiesContextBeforeModesTestExecutionListener@7b31281b, org.springframework.test.context.event.ApplicationEventsTestExecutionListener@5381acc6, org.springframework.boot.test.mock.mockito.MockitoTestExecutionListener@16db679e, org.springframework.boot.test.autoconfigure.SpringBootDependencyInjectionTestExecutionListener@3074d565, org.springframework.test.context.support.DirtiesContextTestExecutionListener@42775280, org.springframework.test.context.transaction.TransactionalTestExecutionListener@1cce2194, org.springframework.test.context.jdbc.SqlScriptsTestExecutionListener@51645204, org.springframework.test.context.event.EventPublishingTestExecutionListener@472d7ab0, org.springframework.boot.test.autoconfigure.restdocs.RestDocsTestExecutionListener@3f36d387, org.springframework.boot.test.autoconfigure.web.client.MockRestServiceServerResetTestExecutionListener@52999774, org.springframework.boot.test.autoconfigure.web.servlet.MockMvcPrintOnlyOnFailureTestExecutionListener@211e1b51, org.springframework.boot.test.autoconfigure.web.servlet.WebDriverTestExecutionListener@d4a1d38, org.springframework.boot.test.autoconfigure.webservices.client.MockWebServiceServerTestExecutionListener@4694dfd, org.springframework.boot.test.mock.mockito.ResetMocksTestExecutionListener@1ad55833]

  .   ____          _            __ _ _
 /\\ / ___'_ __ _ _(_)_ __  __ _ \ \ \ \
( ( )\___ | '_ | '_| | '_ \/ _` | \ \ \ \
 \\/  ___)| |_)| | | | | || (_| |  ) ) ) )
  '  |____| .__|_| |_|_| |_\__, | / / / /
 =========|_|==============|___/=/_/_/_/
 :: Spring Boot ::                (v2.7.1)

?[30m2022-07-21 09:56:18,143?[0;39m ?[34mINFO ?[0;39m [?[34mTest worker?[0;39m] ?[33morg.springframework.boot.StartupInfoLogger?[0;39m: Starting PaymentControllerTest using Java 17.0.3 on i7K with PID 172 (started by Janis in C:\_dev\_java\backend_hwk)
?[30m2022-07-21 09:56:18,144?[0;39m ?[39mDEBUG?[0;39m [?[34mTest worker?[0;39m] ?[33morg.springframework.boot.StartupInfoLogger?[0;39m: Running with Spring Boot v2.7.1, Spring v5.3.21
?[30m2022-07-21 09:56:18,144?[0;39m ?[34mINFO ?[0;39m [?[34mTest worker?[0;39m] ?[33morg.springframework.boot.SpringApplication?[0;39m: No active profile set, falling back to 1 default profile: &quot;default&quot;
?[30m2022-07-21 09:56:18,253?[0;39m ?[34mINFO ?[0;39m [?[34mTest worker?[0;39m] ?[33morg.springframework.data.repository.config.RepositoryConfigurationDelegate?[0;39m: Bootstrapping Spring Data JPA repositories in DEFAULT mode.
?[30m2022-07-21 09:56:18,265?[0;39m ?[34mINFO ?[0;39m [?[34mTest worker?[0;39m] ?[33morg.springframework.data.repository.config.RepositoryConfigurationDelegate?[0;39m: Finished Spring Data repository scanning in 11 ms. Found 2 JPA repository interfaces.
?[30m2022-07-21 09:56:18,356?[0;39m ?[34mINFO ?[0;39m [?[34mTest worker?[0;39m] ?[33morg.springframework.boot.web.embedded.tomcat.TomcatWebServer?[0;39m: Tomcat initialized with port(s): 0 (http)
?[30m2022-07-21 09:56:18,357?[0;39m ?[34mINFO ?[0;39m [?[34mTest worker?[0;39m] ?[33morg.apache.juli.logging.DirectJDKLog?[0;39m: Initializing ProtocolHandler [&quot;http-nio-auto-1&quot;]
?[30m2022-07-21 09:56:18,357?[0;39m ?[34mINFO ?[0;39m [?[34mTest worker?[0;39m] ?[33morg.apache.juli.logging.DirectJDKLog?[0;39m: Starting service [Tomcat]
?[30m2022-07-21 09:56:18,357?[0;39m ?[34mINFO ?[0;39m [?[34mTest worker?[0;39m] ?[33morg.apache.juli.logging.DirectJDKLog?[0;39m: Starting Servlet engine: [Apache Tomcat/9.0.64]
?[30m2022-07-21 09:56:18,376?[0;39m ?[34mINFO ?[0;39m [?[34mTest worker?[0;39m] ?[33morg.apache.juli.logging.DirectJDKLog?[0;39m: Initializing Spring embedded WebApplicationContext
?[30m2022-07-21 09:56:18,376?[0;39m ?[34mINFO ?[0;39m [?[34mTest worker?[0;39m] ?[33morg.springframework.boot.web.servlet.context.ServletWebServerApplicationContext?[0;39m: Root WebApplicationContext: initialization completed in 231 ms
?[30m2022-07-21 09:56:18,457?[0;39m ?[34mINFO ?[0;39m [?[34mTest worker?[0;39m] ?[33morg.hibernate.jpa.internal.util.LogHelper?[0;39m: HHH000204: Processing PersistenceUnitInfo [name: default]
?[30m2022-07-21 09:56:18,461?[0;39m ?[34mINFO ?[0;39m [?[34mTest worker?[0;39m] ?[33mcom.zaxxer.hikari.HikariDataSource?[0;39m: HikariPool-4 - Starting...
?[30m2022-07-21 09:56:18,463?[0;39m ?[34mINFO ?[0;39m [?[34mTest worker?[0;39m] ?[33mcom.zaxxer.hikari.HikariDataSource?[0;39m: HikariPool-4 - Start completed.
?[30m2022-07-21 09:56:18,463?[0;39m ?[34mINFO ?[0;39m [?[34mTest worker?[0;39m] ?[33morg.hibernate.dialect.Dialect?[0;39m: HHH000400: Using dialect: org.hibernate.dialect.HSQLDialect
?[30m2022-07-21 09:56:18,498?[0;39m ?[34mINFO ?[0;39m [?[34mTest worker?[0;39m] ?[33morg.hibernate.engine.transaction.jta.platform.internal.JtaPlatformInitiator?[0;39m: HHH000490: Using JtaPlatform implementation: [org.hibernate.engine.transaction.jta.platform.internal.NoJtaPlatform]
?[30m2022-07-21 09:56:18,499?[0;39m ?[34mINFO ?[0;39m [?[34mTest worker?[0;39m] ?[33morg.springframework.orm.jpa.AbstractEntityManagerFactoryBean?[0;39m: Initialized JPA EntityManagerFactory for persistence unit 'default'
?[30m2022-07-21 09:56:18,598?[0;39m ?[31mWARN ?[0;39m [?[34mTest worker?[0;39m] ?[33morg.springframework.boot.autoconfigure.orm.jpa.JpaBaseConfiguration$JpaWebConfiguration?[0;39m: spring.jpa.open-in-view is enabled by default. Therefore, database queries may be performed during view rendering. Explicitly configure spring.jpa.open-in-view to disable this warning
?[30m2022-07-21 09:56:19,076?[0;39m ?[34mINFO ?[0;39m [?[34mTest worker?[0;39m] ?[33morg.apache.juli.logging.DirectJDKLog?[0;39m: Starting ProtocolHandler [&quot;http-nio-auto-1&quot;]
?[30m2022-07-21 09:56:19,079?[0;39m ?[34mINFO ?[0;39m [?[34mTest worker?[0;39m] ?[33morg.springframework.boot.web.embedded.tomcat.TomcatWebServer?[0;39m: Tomcat started on port(s): 54045 (http) with context path ''
?[30m2022-07-21 09:56:19,082?[0;39m ?[34mINFO ?[0;39m [?[34mTest worker?[0;39m] ?[33morg.springframework.boot.StartupInfoLogger?[0;39m: Started PaymentControllerTest in 0.951 seconds (JVM running for 16.839)
?[30m2022-07-21 09:56:19,156?[0;39m ?[34mINFO ?[0;39m [?[34mhttp-nio-auto-1-exec-1?[0;39m] ?[33morg.apache.juli.logging.DirectJDKLog?[0;39m: Initializing Spring DispatcherServlet 'dispatcherServlet'
?[30m2022-07-21 09:56:19,157?[0;39m ?[34mINFO ?[0;39m [?[34mhttp-nio-auto-1-exec-1?[0;39m] ?[33morg.springframework.web.servlet.FrameworkServlet?[0;39m: Initializing Servlet 'dispatcherServlet'
?[30m2022-07-21 09:56:19,158?[0;39m ?[34mINFO ?[0;39m [?[34mhttp-nio-auto-1-exec-1?[0;39m] ?[33morg.springframework.web.servlet.FrameworkServlet?[0;39m: Completed initialization in 1 ms
</pre>
</span>
</div>
<div id="tab2" class="tab">
<h2>Standard error</h2>
<span class="code">
<pre>java.lang.NullPointerException: Cannot invoke &quot;com.romansj.backend_hwk.notifications.email.EmailConfig.getEmail()&quot; because &quot;this.emailConfig&quot; is null
	at com.romansj.backend_hwk.notifications.NotificationService.sendEmail(NotificationService.java:38)
	at com.romansj.backend_hwk.notifications.NotificationService.lambda$new$0(NotificationService.java:30)
	at io.reactivex.rxjava3.internal.observers.LambdaObserver.onNext(LambdaObserver.java:63)
	at io.reactivex.rxjava3.internal.util.NotificationLite.accept(NotificationLite.java:247)
	at io.reactivex.rxjava3.subjects.BehaviorSubject$BehaviorDisposable.test(BehaviorSubject.java:507)
	at io.reactivex.rxjava3.subjects.BehaviorSubject$BehaviorDisposable.emitFirst(BehaviorSubject.java:468)
	at io.reactivex.rxjava3.subjects.BehaviorSubject.subscribeActual(BehaviorSubject.java:224)
	at io.reactivex.rxjava3.core.Observable.subscribe(Observable.java:13173)
	at io.reactivex.rxjava3.core.Observable.subscribe(Observable.java:13118)
	at com.romansj.backend_hwk.notifications.NotificationService.&lt;init&gt;(NotificationService.java:29)
	at java.base/jdk.internal.reflect.NativeConstructorAccessorImpl.newInstance0(Native Method)
	at java.base/jdk.internal.reflect.NativeConstructorAccessorImpl.newInstance(NativeConstructorAccessorImpl.java:77)
	at java.base/jdk.internal.reflect.DelegatingConstructorAccessorImpl.newInstance(DelegatingConstructorAccessorImpl.java:45)
	at java.base/java.lang.reflect.Constructor.newInstanceWithCaller(Constructor.java:499)
	at java.base/java.lang.reflect.Constructor.newInstance(Constructor.java:480)
	at org.springframework.beans.BeanUtils.instantiateClass(BeanUtils.java:211)
	at org.springframework.beans.factory.support.SimpleInstantiationStrategy.instantiate(SimpleInstantiationStrategy.java:87)
	at org.springframework.beans.factory.support.AbstractAutowireCapableBeanFactory.instantiateBean(AbstractAutowireCapableBeanFactory.java:1326)
	at org.springframework.beans.factory.support.AbstractAutowireCapableBeanFactory.createBeanInstance(AbstractAutowireCapableBeanFactory.java:1232)
	at org.springframework.beans.factory.support.AbstractAutowireCapableBeanFactory.doCreateBean(AbstractAutowireCapableBeanFactory.java:582)
	at org.springframework.beans.factory.support.AbstractAutowireCapableBeanFactory.createBean(AbstractAutowireCapableBeanFactory.java:542)
	at org.springframework.beans.factory.support.AbstractBeanFactory.lambda$doGetBean$0(AbstractBeanFactory.java:335)
	at org.springframework.beans.factory.support.DefaultSingletonBeanRegistry.getSingleton(DefaultSingletonBeanRegistry.java:234)
	at org.springframework.beans.factory.support.AbstractBeanFactory.doGetBean(AbstractBeanFactory.java:333)
	at org.springframework.beans.factory.support.AbstractBeanFactory.getBean(AbstractBeanFactory.java:208)
	at org.springframework.beans.factory.support.DefaultListableBeanFactory.preInstantiateSingletons(DefaultListableBeanFactory.java:955)
	at org.springframework.context.support.AbstractApplicationContext.finishBeanFactoryInitialization(AbstractApplicationContext.java:918)
	at org.springframework.context.support.AbstractApplicationContext.refresh(AbstractApplicationContext.java:583)
	at org.springframework.boot.web.servlet.context.ServletWebServerApplicationContext.refresh(ServletWebServerApplicationContext.java:147)
	at org.springframework.boot.SpringApplication.refresh(SpringApplication.java:734)
	at org.springframework.boot.SpringApplication.refreshContext(SpringApplication.java:408)
	at org.springframework.boot.SpringApplication.run(SpringApplication.java:308)
	at org.springframework.boot.test.context.SpringBootContextLoader.loadContext(SpringBootContextLoader.java:132)
	at org.springframework.test.context.cache.DefaultCacheAwareContextLoaderDelegate.loadContextInternal(DefaultCacheAwareContextLoaderDelegate.java:99)
	at org.springframework.test.context.cache.DefaultCacheAwareContextLoaderDelegate.loadContext(DefaultCacheAwareContextLoaderDelegate.java:124)
	at org.springframework.test.context.support.DefaultTestContext.getApplicationContext(DefaultTestContext.java:124)
	at org.springframework.test.context.support.DependencyInjectionTestExecutionListener.injectDependencies(DependencyInjectionTestExecutionListener.java:118)
	at org.springframework.test.context.support.DependencyInjectionTestExecutionListener.prepareTestInstance(DependencyInjectionTestExecutionListener.java:83)
	at org.springframework.boot.test.autoconfigure.SpringBootDependencyInjectionTestExecutionListener.prepareTestInstance(SpringBootDependencyInjectionTestExecutionListener.java:43)
	at org.springframework.test.context.TestContextManager.prepareTestInstance(TestContextManager.java:248)
	at org.springframework.test.context.junit.jupiter.SpringExtension.postProcessTestInstance(SpringExtension.java:138)
	at org.junit.jupiter.engine.descriptor.ClassBasedTestDescriptor.lambda$invokeTestInstancePostProcessors$8(ClassBasedTestDescriptor.java:363)
	at org.junit.jupiter.engine.descriptor.ClassBasedTestDescriptor.executeAndMaskThrowable(ClassBasedTestDescriptor.java:368)
	at org.junit.jupiter.engine.descriptor.ClassBasedTestDescriptor.lambda$invokeTestInstancePostProcessors$9(ClassBasedTestDescriptor.java:363)
	at java.base/java.util.stream.ReferencePipeline$3$1.accept(ReferencePipeline.java:197)
	at java.base/java.util.stream.ReferencePipeline$2$1.accept(ReferencePipeline.java:179)
	at java.base/java.util.ArrayList$ArrayListSpliterator.forEachRemaining(ArrayList.java:1625)
	at java.base/java.util.stream.AbstractPipeline.copyInto(AbstractPipeline.java:509)
	at java.base/java.util.stream.AbstractPipeline.wrapAndCopyInto(AbstractPipeline.java:499)
	at java.base/java.util.stream.StreamSpliterators$WrappingSpliterator.forEachRemaining(StreamSpliterators.java:310)
	at java.base/java.util.stream.Streams$ConcatSpliterator.forEachRemaining(Streams.java:735)
	at java.base/java.util.stream.Streams$ConcatSpliterator.forEachRemaining(Streams.java:734)
	at java.base/java.util.stream.ReferencePipeline$Head.forEach(ReferencePipeline.java:762)
	at org.junit.jupiter.engine.descriptor.ClassBasedTestDescriptor.invokeTestInstancePostProcessors(ClassBasedTestDescriptor.java:362)
	at org.junit.jupiter.engine.descriptor.ClassBasedTestDescriptor.lambda$instantiateAndPostProcessTestInstance$6(ClassBasedTestDescriptor.java:283)
	at org.junit.platform.engine.support.hierarchical.ThrowableCollector.execute(ThrowableCollector.java:73)
	at org.junit.jupiter.engine.descriptor.ClassBasedTestDescriptor.instantiateAndPostProcessTestInstance(ClassBasedTestDescriptor.java:282)
	at org.junit.jupiter.engine.descriptor.ClassBasedTestDescriptor.lambda$testInstancesProvider$4(ClassBasedTestDescriptor.java:272)
	at java.base/java.util.Optional.orElseGet(Optional.java:364)
	at org.junit.jupiter.engine.descriptor.ClassBasedTestDescriptor.lambda$testInstancesProvider$5(ClassBasedTestDescriptor.java:271)
	at org.junit.jupiter.engine.execution.TestInstancesProvider.getTestInstances(TestInstancesProvider.java:31)
	at org.junit.jupiter.engine.descriptor.TestMethodTestDescriptor.lambda$prepare$0(TestMethodTestDescriptor.java:102)
	at org.junit.platform.engine.support.hierarchical.ThrowableCollector.execute(ThrowableCollector.java:73)
	at org.junit.jupiter.engine.descriptor.TestMethodTestDescriptor.prepare(TestMethodTestDescriptor.java:101)
	at org.junit.jupiter.engine.descriptor.TestMethodTestDescriptor.prepare(TestMethodTestDescriptor.java:66)
	at org.junit.platform.engine.support.hierarchical.NodeTestTask.lambda$prepare$2(NodeTestTask.java:123)
	at org.junit.platform.engine.support.hierarchical.ThrowableCollector.execute(ThrowableCollector.java:73)
	at org.junit.platform.engine.support.hierarchical.NodeTestTask.prepare(NodeTestTask.java:123)
	at org.junit.platform.engine.support.hierarchical.NodeTestTask.execute(NodeTestTask.java:90)
	at java.base/java.util.ArrayList.forEach(ArrayList.java:1511)
	at org.junit.platform.engine.support.hierarchical.SameThreadHierarchicalTestExecutorService.invokeAll(SameThreadHierarchicalTestExecutorService.java:41)
	at org.junit.platform.engine.support.hierarchical.NodeTestTask.lambda$executeRecursively$6(NodeTestTask.java:155)
	at org.junit.platform.engine.support.hierarchical.ThrowableCollector.execute(ThrowableCollector.java:73)
	at org.junit.platform.engine.support.hierarchical.NodeTestTask.lambda$executeRecursively$8(NodeTestTask.java:141)
	at org.junit.platform.engine.support.hierarchical.Node.around(Node.java:137)
	at org.junit.platform.engine.support.hierarchical.NodeTestTask.lambda$executeRecursively$9(NodeTestTask.java:139)
	at org.junit.platform.engine.support.hierarchical.ThrowableCollector.execute(ThrowableCollector.java:73)
	at org.junit.platform.engine.support.hierarchical.NodeTestTask.executeRecursively(NodeTestTask.java:138)
	at org.junit.platform.engine.support.hierarchical.NodeTestTask.execute(NodeTestTask.java:95)
	at java.base/java.util.ArrayList.forEach(ArrayList.java:1511)
	at org.junit.platform.engine.support.hierarchical.SameThreadHierarchicalTestExecutorService.invokeAll(SameThreadHierarchicalTestExecutorService.java:41)
	at org.junit.platform.engine.support.hierarchical.NodeTestTask.lambda$executeRecursively$6(NodeTestTask.java:155)
	at org.junit.platform.engine.support.hierarchical.ThrowableCollector.execute(ThrowableCollector.java:73)
	at org.junit.platform.engine.support.hierarchical.NodeTestTask.lambda$executeRecursively$8(NodeTestTask.java:141)
	at org.junit.platform.engine.support.hierarchical.Node.around(Node.java:137)
	at org.junit.platform.engine.support.hierarchical.NodeTestTask.lambda$executeRecursively$9(NodeTestTask.java:139)
	at org.junit.platform.engine.support.hierarchical.ThrowableCollector.execute(ThrowableCollector.java:73)
	at org.junit.platform.engine.support.hierarchical.NodeTestTask.executeRecursively(NodeTestTask.java:138)
	at org.junit.platform.engine.support.hierarchical.NodeTestTask.execute(NodeTestTask.java:95)
	at org.junit.platform.engine.support.hierarchical.SameThreadHierarchicalTestExecutorService.submit(SameThreadHierarchicalTestExecutorService.java:35)
	at org.junit.platform.engine.support.hierarchical.HierarchicalTestExecutor.execute(HierarchicalTestExecutor.java:57)
	at org.junit.platform.engine.support.hierarchical.HierarchicalTestEngine.execute(HierarchicalTestEngine.java:54)
	at org.junit.platform.launcher.core.EngineExecutionOrchestrator.execute(EngineExecutionOrchestrator.java:107)
	at org.junit.platform.launcher.core.EngineExecutionOrchestrator.execute(EngineExecutionOrchestrator.java:88)
	at org.junit.platform.launcher.core.EngineExecutionOrchestrator.lambda$execute$0(EngineExecutionOrchestrator.java:54)
	at org.junit.platform.launcher.core.EngineExecutionOrchestrator.withInterceptedStreams(EngineExecutionOrchestrator.java:67)
	at org.junit.platform.launcher.core.EngineExecutionOrchestrator.execute(EngineExecutionOrchestrator.java:52)
	at org.junit.platform.launcher.core.DefaultLauncher.execute(DefaultLauncher.java:114)
	at org.junit.platform.launcher.core.DefaultLauncher.execute(DefaultLauncher.java:86)
	at org.junit.platform.launcher.core.DefaultLauncherSession$DelegatingLauncher.execute(DefaultLauncherSession.java:86)
	at org.junit.platform.launcher.core.SessionPerRequestLauncher.execute(SessionPerRequestLauncher.java:53)
	at org.gradle.api.internal.tasks.testing.junitplatform.JUnitPlatformTestClassProcessor$CollectAllTestClassesExecutor.processAllTestClasses(JUnitPlatformTestClassProcessor.java:99)
	at org.gradle.api.internal.tasks.testing.junitplatform.JUnitPlatformTestClassProcessor$CollectAllTestClassesExecutor.access$000(JUnitPlatformTestClassProcessor.java:79)
	at org.gradle.api.internal.tasks.testing.junitplatform.JUnitPlatformTestClassProcessor.stop(JUnitPlatformTestClassProcessor.java:75)
	at org.gradle.api.internal.tasks.testing.SuiteTestClassProcessor.stop(SuiteTestClassProcessor.java:61)
	at java.base/jdk.internal.reflect.NativeMethodAccessorImpl.invoke0(Native Method)
	at java.base/jdk.internal.reflect.NativeMethodAccessorImpl.invoke(NativeMethodAccessorImpl.java:77)
	at java.base/jdk.internal.reflect.DelegatingMethodAccessorImpl.invoke(DelegatingMethodAccessorImpl.java:43)
	at java.base/java.lang.reflect.Method.invoke(Method.java:568)
	at org.gradle.internal.dispatch.ReflectionDispatch.dispatch(ReflectionDispatch.java:36)
	at org.gradle.internal.dispatch.ReflectionDispatch.dispatch(ReflectionDispatch.java:24)
	at org.gradle.internal.dispatch.ContextClassLoaderDispatch.dispatch(ContextClassLoaderDispatch.java:33)
	at org.gradle.internal.dispatch.ProxyDispatchAdapter$DispatchingInvocationHandler.invoke(ProxyDispatchAdapter.java:94)
	at jdk.proxy1/jdk.proxy1.$Proxy2.stop(Unknown Source)
	at org.gradle.api.internal.tasks.testing.worker.TestWorker$3.run(TestWorker.java:193)
	at org.gradle.api.internal.tasks.testing.worker.TestWorker.executeAndMaintainThreadName(TestWorker.java:129)
	at org.gradle.api.internal.tasks.testing.worker.TestWorker.execute(TestWorker.java:100)
	at org.gradle.api.internal.tasks.testing.worker.TestWorker.execute(TestWorker.java:60)
	at org.gradle.process.internal.worker.child.ActionExecutionWorker.execute(ActionExecutionWorker.java:56)
	at org.gradle.process.internal.worker.child.SystemApplicationClassLoaderWorker.call(SystemApplicationClassLoaderWorker.java:133)
	at org.gradle.process.internal.worker.child.SystemApplicationClassLoaderWorker.call(SystemApplicationClassLoaderWorker.java:71)
	at worker.org.gradle.process.internal.worker.GradleWorkerMain.run(GradleWorkerMain.java:69)
	at worker.org.gradle.process.internal.worker.GradleWorkerMain.main(GradleWorkerMain.java:74)
[2022.07.21 09:56:19] (Coverage): Error during class instrumentation: org.springframework.http.client.HttpComponentsClientHttpRequestFactory: java.lang.RuntimeException: java.io.IOException: Class org/apache/http/client/protocol/HttpClientContext not found
</pre>
</span>
</div>
</div>
<div id="footer">
<p>
<div>
<label class="hidden" id="label-for-line-wrapping-toggle" for="line-wrapping-toggle">Wrap lines
<input id="line-wrapping-toggle" type="checkbox" autocomplete="off"/>
</label>
</div>Generated by 
<a href="http://www.gradle.org">Gradle 7.5</a> at 21 Jul 2022, 09:56:20</p>
</div>
</div>
</body>
</html>
